<?xml version="1.0" encoding="UTF-8"?>
<testsuite name="com.stefanik36.soul_prison.data_sets.WineDataTest" tests="5" skipped="0" failures="0" errors="0" timestamp="2019-05-11T14:44:53" hostname="daniel-Lenovo" time="214.584">
  <properties/>
  <testcase name="wineDataSigmoidMomentum01" classname="com.stefanik36.soul_prison.data_sets.WineDataTest" time="13.424"/>
  <testcase name="wineDataSigmoidWithBias" classname="com.stefanik36.soul_prison.data_sets.WineDataTest" time="13.038"/>
  <testcase name="wineDataSigmoidWithBiasAndMomentum" classname="com.stefanik36.soul_prison.data_sets.WineDataTest" time="21.557"/>
  <testcase name="wineDataSigmoidMomentum" classname="com.stefanik36.soul_prison.data_sets.WineDataTest" time="149.014"/>
  <testcase name="WineDataSigmoid" classname="com.stefanik36.soul_prison.data_sets.WineDataTest" time="17.551"/>
  <system-out><![CDATA[Test no. 1
TEST RESULT [test accuracy: 0.716981 | test loss 0.096929]
Test no. 2
TEST RESULT [test accuracy: 0.603774 | test loss 0.605454]
Test no. 3
TEST RESULT [test accuracy: 0.622642 | test loss 0.119937]
Test no. 4
TEST RESULT [test accuracy: 0.641509 | test loss 0.749205]
Test no. 5
TEST RESULT [test accuracy: 0.641509 | test loss 0.506427]
Test no. 6
TEST RESULT [test accuracy: 0.566038 | test loss 0.170328]
Test no. 7
TEST RESULT [test accuracy: 0.698113 | test loss 0.167536]
Test no. 8
TEST RESULT [test accuracy: 0.679245 | test loss 0.302248]
Test no. 9
TEST RESULT [test accuracy: 0.698113 | test loss 0.411856]
Test no. 10
TEST RESULT [test accuracy: 0.566038 | test loss 0.357100]
Test no. 11
TEST RESULT [test accuracy: 0.754717 | test loss 0.848378]
Test no. 12
TEST RESULT [test accuracy: 0.622642 | test loss 0.622354]
Test no. 13
TEST RESULT [test accuracy: 0.641509 | test loss 0.500904]
Test no. 14
TEST RESULT [test accuracy: 0.622642 | test loss 0.038859]
Test no. 15
TEST RESULT [test accuracy: 0.716981 | test loss 0.518360]
Test no. 16
TEST RESULT [test accuracy: 0.735849 | test loss 0.261922]
Test no. 17
TEST RESULT [test accuracy: 0.716981 | test loss 0.003962]
Test no. 18
TEST RESULT [test accuracy: 0.622642 | test loss 0.712438]
Test no. 19
TEST RESULT [test accuracy: 0.528302 | test loss 0.054509]
Test no. 20
TEST RESULT [test accuracy: 0.622642 | test loss 0.006506]
Test no. 1
TEST RESULT [test accuracy: 0.603774 | test loss 1.161493]
Test no. 2
TEST RESULT [test accuracy: 0.622642 | test loss 1.510646]
Test no. 3
TEST RESULT [test accuracy: 0.735849 | test loss 0.756192]
Test no. 4
TEST RESULT [test accuracy: 0.660377 | test loss 0.247167]
Test no. 5
TEST RESULT [test accuracy: 0.566038 | test loss 0.446267]
Test no. 6
TEST RESULT [test accuracy: 0.566038 | test loss 0.167828]
Test no. 7
TEST RESULT [test accuracy: 0.603774 | test loss 0.008976]
Test no. 8
TEST RESULT [test accuracy: 0.716981 | test loss 0.417274]
Test no. 9
TEST RESULT [test accuracy: 0.603774 | test loss 0.205402]
Test no. 10
TEST RESULT [test accuracy: 0.679245 | test loss 0.671884]
Test no. 11
TEST RESULT [test accuracy: 0.490566 | test loss 0.012755]
Test no. 12
TEST RESULT [test accuracy: 0.641509 | test loss 0.950887]
Test no. 13
TEST RESULT [test accuracy: 0.471698 | test loss 0.163724]
Test no. 14
TEST RESULT [test accuracy: 0.603774 | test loss 0.138470]
Test no. 15
TEST RESULT [test accuracy: 0.528302 | test loss 0.544915]
Test no. 16
TEST RESULT [test accuracy: 0.622642 | test loss 0.320498]
Test no. 17
TEST RESULT [test accuracy: 0.603774 | test loss 0.263397]
Test no. 18
TEST RESULT [test accuracy: 0.584906 | test loss 0.601424]
Test no. 19
TEST RESULT [test accuracy: 0.603774 | test loss 0.711703]
Test no. 20
TEST RESULT [test accuracy: 0.528302 | test loss 0.031052]
Test no. 1
TEST RESULT [test accuracy: 0.415094 | test loss 1.283440]
Test no. 2
TEST RESULT [test accuracy: 0.622642 | test loss 1.465894]
Test no. 3
TEST RESULT [test accuracy: 0.698113 | test loss 0.767680]
Test no. 4
TEST RESULT [test accuracy: 0.584906 | test loss 0.169816]
Test no. 5
TEST RESULT [test accuracy: 0.490566 | test loss 0.709924]
Test no. 6
TEST RESULT [test accuracy: 0.584906 | test loss 0.217244]
Test no. 7
TEST RESULT [test accuracy: 0.584906 | test loss 0.099677]
Test no. 8
TEST RESULT [test accuracy: 0.660377 | test loss 0.322677]
Test no. 9
TEST RESULT [test accuracy: 0.566038 | test loss 0.584314]
Test no. 10
TEST RESULT [test accuracy: 0.622642 | test loss 1.194241]
Test no. 11
TEST RESULT [test accuracy: 0.547170 | test loss 0.011443]
Test no. 12
TEST RESULT [test accuracy: 0.584906 | test loss 0.813874]
Test no. 13
TEST RESULT [test accuracy: 0.301887 | test loss 0.170843]
Test no. 14
TEST RESULT [test accuracy: 0.660377 | test loss 0.104059]
Test no. 15
TEST RESULT [test accuracy: 0.490566 | test loss 0.779781]
Test no. 16
TEST RESULT [test accuracy: 0.622642 | test loss 0.155210]
Test no. 17
TEST RESULT [test accuracy: 0.641509 | test loss 0.583196]
Test no. 18
TEST RESULT [test accuracy: 0.698113 | test loss 0.681715]
Test no. 19
TEST RESULT [test accuracy: 0.603774 | test loss 0.510179]
Test no. 20
TEST RESULT [test accuracy: 0.490566 | test loss 0.071861]
Test no. 1
TEST RESULT [test accuracy: 0.716981 | test loss 0.005018]
Test no. 2
TEST RESULT [test accuracy: 0.660377 | test loss 0.471278]
Test no. 3
TEST RESULT [test accuracy: 0.641509 | test loss 0.000382]
Test no. 4
TEST RESULT [test accuracy: 0.698113 | test loss 0.463584]
Test no. 5
TEST RESULT [test accuracy: 0.641509 | test loss 0.458223]
Test no. 6
TEST RESULT [test accuracy: 0.622642 | test loss 0.003570]
Test no. 7
TEST RESULT [test accuracy: 0.735849 | test loss 0.099299]
Test no. 8
TEST RESULT [test accuracy: 0.698113 | test loss 0.355236]
Test no. 9
TEST RESULT [test accuracy: 0.716981 | test loss 0.072800]
Test no. 10
TEST RESULT [test accuracy: 0.547170 | test loss 0.257447]
Test no. 11
TEST RESULT [test accuracy: 0.698113 | test loss 0.845733]
Test no. 12
TEST RESULT [test accuracy: 0.566038 | test loss 0.383529]
Test no. 13
TEST RESULT [test accuracy: 0.660377 | test loss 0.497849]
Test no. 14
TEST RESULT [test accuracy: 0.679245 | test loss 0.010179]
Test no. 15
TEST RESULT [test accuracy: 0.679245 | test loss 0.455688]
Test no. 16
TEST RESULT [test accuracy: 0.698113 | test loss 0.101518]
Test no. 17
TEST RESULT [test accuracy: 0.716981 | test loss 0.021465]
Test no. 18
TEST RESULT [test accuracy: 0.660377 | test loss 0.518605]
Test no. 19
TEST RESULT [test accuracy: 0.566038 | test loss 0.046190]
Test no. 20
TEST RESULT [test accuracy: 0.660377 | test loss 0.014901]
Test no. 1
TEST RESULT [test accuracy: 0.584906 | test loss 0.686347]
Test no. 2
TEST RESULT [test accuracy: 0.603774 | test loss 0.870763]
Test no. 3
TEST RESULT [test accuracy: 0.773585 | test loss 0.563335]
Test no. 4
TEST RESULT [test accuracy: 0.679245 | test loss 0.150884]
Test no. 5
TEST RESULT [test accuracy: 0.622642 | test loss 0.665486]
Test no. 6
TEST RESULT [test accuracy: 0.584906 | test loss 0.098004]
Test no. 7
TEST RESULT [test accuracy: 0.603774 | test loss 0.002562]
Test no. 8
TEST RESULT [test accuracy: 0.679245 | test loss 0.283745]
Test no. 9
TEST RESULT [test accuracy: 0.603774 | test loss 0.137264]
Test no. 10
TEST RESULT [test accuracy: 0.660377 | test loss 0.232645]
Test no. 11
TEST RESULT [test accuracy: 0.528302 | test loss 0.022534]
Test no. 12
TEST RESULT [test accuracy: 0.641509 | test loss 0.725362]
Test no. 13
TEST RESULT [test accuracy: 0.735849 | test loss 0.224216]
Test no. 14
TEST RESULT [test accuracy: 0.603774 | test loss 0.026205]
Test no. 15
TEST RESULT [test accuracy: 0.584906 | test loss 0.554926]
Test no. 16
TEST RESULT [test accuracy: 0.660377 | test loss 0.236970]
Test no. 17
TEST RESULT [test accuracy: 0.566038 | test loss 0.258452]
Test no. 18
TEST RESULT [test accuracy: 0.566038 | test loss 0.198925]
Test no. 19
TEST RESULT [test accuracy: 0.603774 | test loss 0.409171]
Test no. 20
TEST RESULT [test accuracy: 0.584906 | test loss 0.041757]
]]></system-out>
  <system-err><![CDATA[]]></system-err>
</testsuite>
