<?xml version="1.0" encoding="UTF-8"?>
<testsuite name="com.stefanik36.soul_prison.structures.AutoEncoderTest" tests="8" skipped="0" failures="0" errors="0" timestamp="2019-05-11T14:48:44" hostname="daniel-Lenovo" time="62.798">
  <properties/>
  <testcase name="xorAutoEncoderNonFullyConnected01" classname="com.stefanik36.soul_prison.structures.AutoEncoderTest" time="0.008"/>
  <testcase name="xorAutoEncoderFullyConnected01" classname="com.stefanik36.soul_prison.structures.AutoEncoderTest" time="0.003"/>
  <testcase name="xorAutoEncoderNormalData01" classname="com.stefanik36.soul_prison.structures.AutoEncoderTest" time="0.004"/>
  <testcase name="wineDataAutoEncoder01" classname="com.stefanik36.soul_prison.structures.AutoEncoderTest" time="3.785"/>
  <testcase name="wineDataAutoEncoderFreezeWeightsAddedToNetwork01" classname="com.stefanik36.soul_prison.structures.AutoEncoderTest" time="33.704"/>
  <testcase name="wineDataAutoEncoderFreezeWeightsAddedToNetwork02" classname="com.stefanik36.soul_prison.structures.AutoEncoderTest" time="25.272"/>
  <testcase name="xorAutoEncoderAddedToNetwork01" classname="com.stefanik36.soul_prison.structures.AutoEncoderTest" time="0.011"/>
  <testcase name="xorAutoEncoderFreezeWeightsAddedToNetwork" classname="com.stefanik36.soul_prison.structures.AutoEncoderTest" time="0.01"/>
  <system-out><![CDATA[]]></system-out>
  <system-err><![CDATA[]]></system-err>
</testsuite>
